2024-06-05 02:03:19,350 [myid:] - INFO  [main:o.a.z.s.q.QuorumPeerConfig@177] - Reading configuration from: /Users/jbshome/Desktop/ETL_kafka_pipeline/apache-zookeeper-3.9.2-bin/bin/../conf/zoo.cfg
2024-06-05 02:03:19,360 [myid:] - INFO  [main:o.a.z.s.q.QuorumPeerConfig@440] - clientPortAddress is 0.0.0.0:2181
2024-06-05 02:03:19,364 [myid:] - INFO  [main:o.a.z.s.q.QuorumPeerConfig@444] - secureClientPort is not set
2024-06-05 02:03:19,364 [myid:] - INFO  [main:o.a.z.s.q.QuorumPeerConfig@460] - observerMasterPort is not set
2024-06-05 02:03:19,364 [myid:] - INFO  [main:o.a.z.s.q.QuorumPeerConfig@477] - metricsProvider.className is org.apache.zookeeper.metrics.impl.DefaultMetricsProvider
2024-06-05 02:03:19,368 [myid:] - INFO  [main:o.a.z.s.DatadirCleanupManager@78] - autopurge.snapRetainCount set to 3
2024-06-05 02:03:19,368 [myid:] - INFO  [main:o.a.z.s.DatadirCleanupManager@79] - autopurge.purgeInterval set to 0
2024-06-05 02:03:19,368 [myid:] - INFO  [main:o.a.z.s.DatadirCleanupManager@101] - Purge task is not scheduled.
2024-06-05 02:03:19,368 [myid:] - WARN  [main:o.a.z.s.q.QuorumPeerMain@139] - Either no config or no quorum defined in config, running in standalone mode
2024-06-05 02:03:19,370 [myid:] - INFO  [main:o.a.z.j.ManagedUtil@46] - Log4j 1.2 jmx support not found; jmx disabled.
2024-06-05 02:03:19,372 [myid:] - INFO  [main:o.a.z.s.q.QuorumPeerConfig@177] - Reading configuration from: /Users/jbshome/Desktop/ETL_kafka_pipeline/apache-zookeeper-3.9.2-bin/bin/../conf/zoo.cfg
2024-06-05 02:03:19,373 [myid:] - INFO  [main:o.a.z.s.q.QuorumPeerConfig@440] - clientPortAddress is 0.0.0.0:2181
2024-06-05 02:03:19,373 [myid:] - INFO  [main:o.a.z.s.q.QuorumPeerConfig@444] - secureClientPort is not set
2024-06-05 02:03:19,373 [myid:] - INFO  [main:o.a.z.s.q.QuorumPeerConfig@460] - observerMasterPort is not set
2024-06-05 02:03:19,373 [myid:] - INFO  [main:o.a.z.s.q.QuorumPeerConfig@477] - metricsProvider.className is org.apache.zookeeper.metrics.impl.DefaultMetricsProvider
2024-06-05 02:03:19,374 [myid:] - INFO  [main:o.a.z.s.ZooKeeperServerMain@123] - Starting server
2024-06-05 02:03:19,391 [myid:] - INFO  [main:o.a.z.s.ServerMetrics@64] - ServerMetrics initialized with provider org.apache.zookeeper.metrics.impl.DefaultMetricsProvider@4218d6a3
2024-06-05 02:03:19,394 [myid:] - INFO  [main:o.a.z.s.a.DigestAuthenticationProvider@51] - ACL digest algorithm is: SHA1
2024-06-05 02:03:19,395 [myid:] - INFO  [main:o.a.z.s.a.DigestAuthenticationProvider@65] - zookeeper.DigestAuthenticationProvider.enabled = true
2024-06-05 02:03:19,398 [myid:] - INFO  [main:o.a.z.s.p.FileTxnSnapLog@124] - zookeeper.snapshot.trust.empty : false
2024-06-05 02:03:19,423 [myid:] - INFO  [main:o.a.z.ZookeeperBanner@42] - 
2024-06-05 02:03:19,423 [myid:] - INFO  [main:o.a.z.ZookeeperBanner@42] -   ______                  _                                          
2024-06-05 02:03:19,423 [myid:] - INFO  [main:o.a.z.ZookeeperBanner@42] -  |___  /                 | |                                         
2024-06-05 02:03:19,423 [myid:] - INFO  [main:o.a.z.ZookeeperBanner@42] -     / /    ___     ___   | | __   ___    ___   _ __     ___   _ __   
2024-06-05 02:03:19,423 [myid:] - INFO  [main:o.a.z.ZookeeperBanner@42] -    / /    / _ \   / _ \  | |/ /  / _ \  / _ \ | '_ \   / _ \ | '__|
2024-06-05 02:03:19,424 [myid:] - INFO  [main:o.a.z.ZookeeperBanner@42] -   / /__  | (_) | | (_) | |   <  |  __/ |  __/ | |_) | |  __/ | |    
2024-06-05 02:03:19,424 [myid:] - INFO  [main:o.a.z.ZookeeperBanner@42] -  /_____|  \___/   \___/  |_|\_\  \___|  \___| | .__/   \___| |_|
2024-06-05 02:03:19,424 [myid:] - INFO  [main:o.a.z.ZookeeperBanner@42] -                                               | |                     
2024-06-05 02:03:19,424 [myid:] - INFO  [main:o.a.z.ZookeeperBanner@42] -                                               |_|                     
2024-06-05 02:03:19,424 [myid:] - INFO  [main:o.a.z.ZookeeperBanner@42] - 
2024-06-05 02:03:19,429 [myid:] - INFO  [main:o.a.z.Environment@98] - Server environment:zookeeper.version=3.9.2-e454e8c7283100c7caec6dcae2bc82aaecb63023, built on 2024-02-12 20:59 UTC
2024-06-05 02:03:19,429 [myid:] - INFO  [main:o.a.z.Environment@98] - Server environment:host.name=192.0.0.1
2024-06-05 02:03:19,429 [myid:] - INFO  [main:o.a.z.Environment@98] - Server environment:java.version=21.0.3
2024-06-05 02:03:19,429 [myid:] - INFO  [main:o.a.z.Environment@98] - Server environment:java.vendor=Homebrew
2024-06-05 02:03:19,429 [myid:] - INFO  [main:o.a.z.Environment@98] - Server environment:java.home=/usr/local/Cellar/openjdk/21.0.3/libexec/openjdk.jdk/Contents/Home
2024-06-05 02:03:19,429 [myid:] - INFO  [main:o.a.z.Environment@98] - Server environment:java.class.path=/Users/jbshome/Desktop/ETL_kafka_pipeline/apache-zookeeper-3.9.2-bin/bin/../zookeeper-metrics-providers/zookeeper-prometheus-metrics/target/classes:/Users/jbshome/Desktop/ETL_kafka_pipeline/apache-zookeeper-3.9.2-bin/bin/../zookeeper-server/target/classes:/Users/jbshome/Desktop/ETL_kafka_pipeline/apache-zookeeper-3.9.2-bin/bin/../build/classes:/Users/jbshome/Desktop/ETL_kafka_pipeline/apache-zookeeper-3.9.2-bin/bin/../zookeeper-metrics-providers/zookeeper-prometheus-metrics/target/lib/*.jar:/Users/jbshome/Desktop/ETL_kafka_pipeline/apache-zookeeper-3.9.2-bin/bin/../zookeeper-server/target/lib/*.jar:/Users/jbshome/Desktop/ETL_kafka_pipeline/apache-zookeeper-3.9.2-bin/bin/../build/lib/*.jar:/Users/jbshome/Desktop/ETL_kafka_pipeline/apache-zookeeper-3.9.2-bin/bin/../lib/zookeeper-prometheus-metrics-3.9.2.jar:/Users/jbshome/Desktop/ETL_kafka_pipeline/apache-zookeeper-3.9.2-bin/bin/../lib/zookeeper-jute-3.9.2.jar:/Users/jbshome/Desktop/ETL_kafka_pipeline/apache-zookeeper-3.9.2-bin/bin/../lib/zookeeper-3.9.2.jar:/Users/jbshome/Desktop/ETL_kafka_pipeline/apache-zookeeper-3.9.2-bin/bin/../lib/snappy-java-1.1.10.5.jar:/Users/jbshome/Desktop/ETL_kafka_pipeline/apache-zookeeper-3.9.2-bin/bin/../lib/slf4j-api-1.7.30.jar:/Users/jbshome/Desktop/ETL_kafka_pipeline/apache-zookeeper-3.9.2-bin/bin/../lib/simpleclient_servlet-0.9.0.jar:/Users/jbshome/Desktop/ETL_kafka_pipeline/apache-zookeeper-3.9.2-bin/bin/../lib/simpleclient_hotspot-0.9.0.jar:/Users/jbshome/Desktop/ETL_kafka_pipeline/apache-zookeeper-3.9.2-bin/bin/../lib/simpleclient_common-0.9.0.jar:/Users/jbshome/Desktop/ETL_kafka_pipeline/apache-zookeeper-3.9.2-bin/bin/../lib/simpleclient-0.9.0.jar:/Users/jbshome/Desktop/ETL_kafka_pipeline/apache-zookeeper-3.9.2-bin/bin/../lib/netty-transport-native-unix-common-4.1.105.Final.jar:/Users/jbshome/Desktop/ETL_kafka_pipeline/apache-zookeeper-3.9.2-bin/bin/../lib/netty-transport-native-epoll-4.1.105.Final-linux-x86_64.jar:/Users/jbshome/Desktop/ETL_kafka_pipeline/apache-zookeeper-3.9.2-bin/bin/../lib/netty-transport-classes-epoll-4.1.105.Final.jar:/Users/jbshome/Desktop/ETL_kafka_pipeline/apache-zookeeper-3.9.2-bin/bin/../lib/netty-transport-4.1.105.Final.jar:/Users/jbshome/Desktop/ETL_kafka_pipeline/apache-zookeeper-3.9.2-bin/bin/../lib/netty-tcnative-classes-2.0.61.Final.jar:/Users/jbshome/Desktop/ETL_kafka_pipeline/apache-zookeeper-3.9.2-bin/bin/../lib/netty-tcnative-boringssl-static-2.0.61.Final.jar:/Users/jbshome/Desktop/ETL_kafka_pipeline/apache-zookeeper-3.9.2-bin/bin/../lib/netty-tcnative-boringssl-static-2.0.61.Final-windows-x86_64.jar:/Users/jbshome/Desktop/ETL_kafka_pipeline/apache-zookeeper-3.9.2-bin/bin/../lib/netty-tcnative-boringssl-static-2.0.61.Final-osx-x86_64.jar:/Users/jbshome/Desktop/ETL_kafka_pipeline/apache-zookeeper-3.9.2-bin/bin/../lib/netty-tcnative-boringssl-static-2.0.61.Final-osx-aarch_64.jar:/Users/jbshome/Desktop/ETL_kafka_pipeline/apache-zookeeper-3.9.2-bin/bin/../lib/netty-tcnative-boringssl-static-2.0.61.Final-linux-x86_64.jar:/Users/jbshome/Desktop/ETL_kafka_pipeline/apache-zookeeper-3.9.2-bin/bin/../lib/netty-tcnative-boringssl-static-2.0.61.Final-linux-aarch_64.jar:/Users/jbshome/Desktop/ETL_kafka_pipeline/apache-zookeeper-3.9.2-bin/bin/../lib/netty-resolver-4.1.105.Final.jar:/Users/jbshome/Desktop/ETL_kafka_pipeline/apache-zookeeper-3.9.2-bin/bin/../lib/netty-handler-4.1.105.Final.jar:/Users/jbshome/Desktop/ETL_kafka_pipeline/apache-zookeeper-3.9.2-bin/bin/../lib/netty-common-4.1.105.Final.jar:/Users/jbshome/Desktop/ETL_kafka_pipeline/apache-zookeeper-3.9.2-bin/bin/../lib/netty-codec-4.1.105.Final.jar:/Users/jbshome/Desktop/ETL_kafka_pipeline/apache-zookeeper-3.9.2-bin/bin/../lib/netty-buffer-4.1.105.Final.jar:/Users/jbshome/Desktop/ETL_kafka_pipeline/apache-zookeeper-3.9.2-bin/bin/../lib/metrics-core-4.1.12.1.jar:/Users/jbshome/Desktop/ETL_kafka_pipeline/apache-zookeeper-3.9.2-bin/bin/../lib/logback-core-1.2.13.jar:/Users/jbshome/Desktop/ETL_kafka_pipeline/apache-zookeeper-3.9.2-bin/bin/../lib/logback-classic-1.2.13.jar:/Users/jbshome/Desktop/ETL_kafka_pipeline/apache-zookeeper-3.9.2-bin/bin/../lib/jline-2.14.6.jar:/Users/jbshome/Desktop/ETL_kafka_pipeline/apache-zookeeper-3.9.2-bin/bin/../lib/jetty-util-ajax-9.4.53.v20231009.jar:/Users/jbshome/Desktop/ETL_kafka_pipeline/apache-zookeeper-3.9.2-bin/bin/../lib/jetty-util-9.4.53.v20231009.jar:/Users/jbshome/Desktop/ETL_kafka_pipeline/apache-zookeeper-3.9.2-bin/bin/../lib/jetty-servlet-9.4.53.v20231009.jar:/Users/jbshome/Desktop/ETL_kafka_pipeline/apache-zookeeper-3.9.2-bin/bin/../lib/jetty-server-9.4.53.v20231009.jar:/Users/jbshome/Desktop/ETL_kafka_pipeline/apache-zookeeper-3.9.2-bin/bin/../lib/jetty-security-9.4.53.v20231009.jar:/Users/jbshome/Desktop/ETL_kafka_pipeline/apache-zookeeper-3.9.2-bin/bin/../lib/jetty-io-9.4.53.v20231009.jar:/Users/jbshome/Desktop/ETL_kafka_pipeline/apache-zookeeper-3.9.2-bin/bin/../lib/jetty-http-9.4.53.v20231009.jar:/Users/jbshome/Desktop/ETL_kafka_pipeline/apache-zookeeper-3.9.2-bin/bin/../lib/javax.servlet-api-3.1.0.jar:/Users/jbshome/Desktop/ETL_kafka_pipeline/apache-zookeeper-3.9.2-bin/bin/../lib/jackson-databind-2.15.2.jar:/Users/jbshome/Desktop/ETL_kafka_pipeline/apache-zookeeper-3.9.2-bin/bin/../lib/jackson-core-2.15.2.jar:/Users/jbshome/Desktop/ETL_kafka_pipeline/apache-zookeeper-3.9.2-bin/bin/../lib/jackson-annotations-2.15.2.jar:/Users/jbshome/Desktop/ETL_kafka_pipeline/apache-zookeeper-3.9.2-bin/bin/../lib/commons-io-2.11.0.jar:/Users/jbshome/Desktop/ETL_kafka_pipeline/apache-zookeeper-3.9.2-bin/bin/../lib/commons-cli-1.5.0.jar:/Users/jbshome/Desktop/ETL_kafka_pipeline/apache-zookeeper-3.9.2-bin/bin/../lib/audience-annotations-0.12.0.jar:/Users/jbshome/Desktop/ETL_kafka_pipeline/apache-zookeeper-3.9.2-bin/bin/../zookeeper-*.jar:/Users/jbshome/Desktop/ETL_kafka_pipeline/apache-zookeeper-3.9.2-bin/bin/../zookeeper-server/src/main/resources/lib/*.jar:/Users/jbshome/Desktop/ETL_kafka_pipeline/apache-zookeeper-3.9.2-bin/bin/../conf:
2024-06-05 02:03:19,429 [myid:] - INFO  [main:o.a.z.Environment@98] - Server environment:java.library.path=/Users/jbshome/Library/Java/Extensions:/Library/Java/Extensions:/Network/Library/Java/Extensions:/System/Library/Java/Extensions:/usr/lib/java:.
2024-06-05 02:03:19,429 [myid:] - INFO  [main:o.a.z.Environment@98] - Server environment:java.io.tmpdir=/var/folders/vc/_ydktb892g91fwjzx38sccz40000gn/T/
2024-06-05 02:03:19,430 [myid:] - INFO  [main:o.a.z.Environment@98] - Server environment:java.compiler=<NA>
2024-06-05 02:03:19,430 [myid:] - INFO  [main:o.a.z.Environment@98] - Server environment:os.name=Mac OS X
2024-06-05 02:03:19,430 [myid:] - INFO  [main:o.a.z.Environment@98] - Server environment:os.arch=x86_64
2024-06-05 02:03:19,430 [myid:] - INFO  [main:o.a.z.Environment@98] - Server environment:os.version=12.7.5
2024-06-05 02:03:19,430 [myid:] - INFO  [main:o.a.z.Environment@98] - Server environment:user.name=jbshome
2024-06-05 02:03:19,430 [myid:] - INFO  [main:o.a.z.Environment@98] - Server environment:user.home=/Users/jbshome
2024-06-05 02:03:19,431 [myid:] - INFO  [main:o.a.z.Environment@98] - Server environment:user.dir=/Users/jbshome/Desktop/ETL_kafka_pipeline/apache-zookeeper-3.9.2-bin
2024-06-05 02:03:19,431 [myid:] - INFO  [main:o.a.z.Environment@98] - Server environment:os.memory.free=121MB
2024-06-05 02:03:19,431 [myid:] - INFO  [main:o.a.z.Environment@98] - Server environment:os.memory.max=1000MB
2024-06-05 02:03:19,432 [myid:] - INFO  [main:o.a.z.Environment@98] - Server environment:os.memory.total=130MB
2024-06-05 02:03:19,432 [myid:] - INFO  [main:o.a.z.s.ZooKeeperServer@149] - zookeeper.enableEagerACLCheck = false
2024-06-05 02:03:19,433 [myid:] - INFO  [main:o.a.z.s.ZooKeeperServer@162] - zookeeper.digest.enabled = true
2024-06-05 02:03:19,433 [myid:] - INFO  [main:o.a.z.s.ZooKeeperServer@166] - zookeeper.closeSessionTxn.enabled = true
2024-06-05 02:03:19,433 [myid:] - INFO  [main:o.a.z.s.ZooKeeperServer@2253] - zookeeper.serializeLastProcessedZxid.enabled = true
2024-06-05 02:03:19,434 [myid:] - INFO  [main:o.a.z.s.ZooKeeperServer@1596] - zookeeper.flushDelay = 0 ms
2024-06-05 02:03:19,434 [myid:] - INFO  [main:o.a.z.s.ZooKeeperServer@1605] - zookeeper.maxWriteQueuePollTime = 0 ms
2024-06-05 02:03:19,434 [myid:] - INFO  [main:o.a.z.s.ZooKeeperServer@1614] - zookeeper.maxBatchSize=1000
2024-06-05 02:03:19,434 [myid:] - INFO  [main:o.a.z.s.ZooKeeperServer@287] - zookeeper.intBufferStartingSizeBytes = 1024
2024-06-05 02:03:19,437 [myid:] - INFO  [main:o.a.z.s.BlueThrottle@141] - Weighed connection throttling is disabled
2024-06-05 02:03:19,439 [myid:] - INFO  [main:o.a.z.s.AuthenticationHelper@66] - zookeeper.enforce.auth.enabled = false
2024-06-05 02:03:19,439 [myid:] - INFO  [main:o.a.z.s.AuthenticationHelper@67] - zookeeper.enforce.auth.schemes = []
2024-06-05 02:03:19,441 [myid:] - INFO  [main:o.a.z.s.ZooKeeperServer@1406] - minSessionTimeout set to 4000 ms
2024-06-05 02:03:19,441 [myid:] - INFO  [main:o.a.z.s.ZooKeeperServer@1415] - maxSessionTimeout set to 40000 ms
2024-06-05 02:03:19,443 [myid:] - INFO  [main:o.a.z.s.ResponseCache@45] - getData response cache size is initialized with value 400.
2024-06-05 02:03:19,443 [myid:] - INFO  [main:o.a.z.s.ResponseCache@45] - getChildren response cache size is initialized with value 400.
2024-06-05 02:03:19,445 [myid:] - INFO  [main:o.a.z.s.u.RequestPathMetricsCollector@109] - zookeeper.pathStats.slotCapacity = 60
2024-06-05 02:03:19,445 [myid:] - INFO  [main:o.a.z.s.u.RequestPathMetricsCollector@110] - zookeeper.pathStats.slotDuration = 15
2024-06-05 02:03:19,445 [myid:] - INFO  [main:o.a.z.s.u.RequestPathMetricsCollector@111] - zookeeper.pathStats.maxDepth = 6
2024-06-05 02:03:19,445 [myid:] - INFO  [main:o.a.z.s.u.RequestPathMetricsCollector@112] - zookeeper.pathStats.initialDelay = 5
2024-06-05 02:03:19,446 [myid:] - INFO  [main:o.a.z.s.u.RequestPathMetricsCollector@113] - zookeeper.pathStats.delay = 5
2024-06-05 02:03:19,446 [myid:] - INFO  [main:o.a.z.s.u.RequestPathMetricsCollector@114] - zookeeper.pathStats.enabled = false
2024-06-05 02:03:19,451 [myid:] - INFO  [main:o.a.z.s.ZooKeeperServer@1633] - The max bytes for all large requests are set to 104857600
2024-06-05 02:03:19,451 [myid:] - INFO  [main:o.a.z.s.ZooKeeperServer@1647] - The large request threshold is set to -1
2024-06-05 02:03:19,452 [myid:] - INFO  [main:o.a.z.s.ZooKeeperServer@385] - Created server with tickTime 2000 ms minSessionTimeout 4000 ms maxSessionTimeout 40000 ms clientPortListenBacklog -1 dataLogdir ./data/version-2 snapdir ./data/version-2
2024-06-05 02:03:19,499 [myid:] - INFO  [main:o.e.j.u.l.Log@170] - Logging initialized @1162ms to org.eclipse.jetty.util.log.Slf4jLog
2024-06-05 02:03:19,647 [myid:] - WARN  [main:o.e.j.s.h.ContextHandler@1662] - o.e.j.s.ServletContextHandler@1151e434{/,null,STOPPED} contextPath ends with /*
2024-06-05 02:03:19,647 [myid:] - WARN  [main:o.e.j.s.h.ContextHandler@1673] - Empty contextPath
2024-06-05 02:03:19,677 [myid:] - INFO  [main:o.e.j.s.Server@375] - jetty-9.4.53.v20231009; built: 2023-10-09T12:29:09.265Z; git: 27bde00a0b95a1d5bbee0eae7984f891d2d0f8c9; jvm 21.0.3
2024-06-05 02:03:19,711 [myid:] - INFO  [main:o.e.j.s.s.DefaultSessionIdManager@334] - DefaultSessionIdManager workerName=node0
2024-06-05 02:03:19,711 [myid:] - INFO  [main:o.e.j.s.s.DefaultSessionIdManager@339] - No SessionScavenger set, using defaults
2024-06-05 02:03:19,713 [myid:] - INFO  [main:o.e.j.s.s.HouseKeeper@132] - node0 Scavenging every 660000ms
2024-06-05 02:03:19,718 [myid:] - WARN  [main:o.e.j.s.ConstraintSecurityHandler@759] - ServletContext@o.e.j.s.ServletContextHandler@1151e434{/,null,STARTING} has uncovered http methods for path: /*
2024-06-05 02:03:19,744 [myid:] - INFO  [main:o.e.j.s.h.ContextHandler@921] - Started o.e.j.s.ServletContextHandler@1151e434{/,null,AVAILABLE}
2024-06-05 02:03:19,769 [myid:] - INFO  [main:o.e.j.s.AbstractConnector@333] - Started ServerConnector@4de4b452{HTTP/1.1, (http/1.1)}{0.0.0.0:8080}
2024-06-05 02:03:19,769 [myid:] - INFO  [main:o.e.j.s.Server@415] - Started @1433ms
2024-06-05 02:03:19,769 [myid:] - INFO  [main:o.a.z.s.a.JettyAdminServer@201] - Started AdminServer on address 0.0.0.0, port 8080 and command URL /commands
2024-06-05 02:03:19,779 [myid:] - INFO  [main:o.a.z.s.ServerCnxnFactory@169] - Using org.apache.zookeeper.server.NIOServerCnxnFactory as server connection factory
2024-06-05 02:03:19,781 [myid:] - WARN  [main:o.a.z.s.ServerCnxnFactory@309] - maxCnxns is not configured, using default value 0.
2024-06-05 02:03:19,785 [myid:] - INFO  [main:o.a.z.s.NIOServerCnxnFactory@652] - Configuring NIO connection handler with 10s sessionless connection timeout, 1 selector thread(s), 8 worker threads, and 64 kB direct buffers.
2024-06-05 02:03:19,788 [myid:] - INFO  [main:o.a.z.s.NIOServerCnxnFactory@660] - binding to port 0.0.0.0/0.0.0.0:2181
2024-06-05 02:03:19,807 [myid:] - INFO  [main:o.a.z.s.w.WatchManagerFactory@42] - Using org.apache.zookeeper.server.watch.WatchManager as watch manager
2024-06-05 02:03:19,807 [myid:] - INFO  [main:o.a.z.s.w.WatchManagerFactory@42] - Using org.apache.zookeeper.server.watch.WatchManager as watch manager
2024-06-05 02:03:19,808 [myid:] - INFO  [main:o.a.z.s.ZKDatabase@134] - zookeeper.snapshotSizeFactor = 0.33
2024-06-05 02:03:19,808 [myid:] - INFO  [main:o.a.z.s.ZKDatabase@154] - zookeeper.commitLogCount=500
2024-06-05 02:03:19,813 [myid:] - INFO  [main:o.a.z.s.p.SnapStream@61] - zookeeper.snapshot.compression.method = CHECKED
2024-06-05 02:03:19,814 [myid:] - INFO  [main:o.a.z.s.p.FileSnap@86] - Reading snapshot ./data/version-2/snapshot.0
2024-06-05 02:03:19,818 [myid:] - INFO  [main:o.a.z.s.DataTree@1712] - The digest value is empty in snapshot
2024-06-05 02:03:19,839 [myid:] - INFO  [main:o.a.z.a.ZKAuditProvider@42] - ZooKeeper audit is disabled.
2024-06-05 02:03:19,841 [myid:] - INFO  [main:o.a.z.s.p.FileTxnSnapLog@372] - 42 txns loaded in 17 ms
2024-06-05 02:03:19,841 [myid:] - INFO  [main:o.a.z.s.ZKDatabase@291] - Snapshot loaded in 33 ms, highest zxid is 0x2a, digest is 59002496749
2024-06-05 02:03:19,842 [myid:] - INFO  [main:o.a.z.s.p.FileTxnSnapLog@480] - Snapshotting: 0x2a to ./data/version-2/snapshot.2a
2024-06-05 02:03:19,844 [myid:] - INFO  [main:o.a.z.s.ZooKeeperServer@589] - Snapshot taken in 2 ms
2024-06-05 02:03:19,856 [myid:] - INFO  [ProcessThread(sid:0 cport:2181)::o.a.z.s.PrepRequestProcessor@138] - PrepRequestProcessor (sid:0) started, reconfigEnabled=false
2024-06-05 02:03:19,857 [myid:] - INFO  [main:o.a.z.s.RequestThrottler@75] - zookeeper.request_throttler.shutdownTimeout = 10000 ms
2024-06-05 02:03:19,885 [myid:] - INFO  [main:o.a.z.s.ContainerManager@83] - Using checkIntervalMs=60000 maxPerMinute=10000 maxNeverUsedIntervalMs=0
2024-06-05 02:04:04,005 [myid:] - INFO  [SyncThread:0:o.a.z.s.p.FileTxnLog@284] - Creating new log file: log.2b
2024-06-05 07:49:36,932 [myid:] - INFO  [NIOWorkerThread-6:o.a.z.s.NIOServerCnxn@342] - Unable to read additional data from client, it probably closed the socket: address = /127.0.0.1:53739, session = 0x100222231fc0000
2024-06-05 11:25:12,332 [myid:] - INFO  [NIOWorkerThread-7:o.a.z.s.NIOServerCnxn@342] - Unable to read additional data from client, it probably closed the socket: address = /[0:0:0:0:0:0:0:1]:53787, session = 0x100222231fc0000
2024-06-05 14:04:23,164 [myid:] - INFO  [NIOWorkerThread-4:o.a.z.s.NIOServerCnxn@342] - Unable to read additional data from client, it probably closed the socket: address = /127.0.0.1:53821, session = 0x100222231fc0000
2024-06-05 14:04:22,965 [myid:] - INFO  [SessionTracker:o.a.z.s.ZooKeeperServer@730] - Expiring session 0x100222231fc0000, timeout of 18000ms exceeded
2024-06-05 14:04:26,719 [myid:] - INFO  [NIOWorkerThread-5:o.a.z.s.ZooKeeperServer@1188] - Invalid session 0x100222231fc0000 for client /[0:0:0:0:0:0:0:1]:54177, probably expired
2024-06-05 16:18:07,944 [myid:] - INFO  [NIOWorkerThread-4:o.a.z.s.NIOServerCnxn@342] - Unable to read additional data from client, it probably closed the socket: address = /[0:0:0:0:0:0:0:1]:54184, session = 0x100222231fc0001
2024-06-05 16:18:07,730 [myid:] - INFO  [SessionTracker:o.a.z.s.ZooKeeperServer@730] - Expiring session 0x100222231fc0001, timeout of 18000ms exceeded
2024-06-05 16:18:09,729 [myid:] - INFO  [NIOWorkerThread-5:o.a.z.s.ZooKeeperServer@1188] - Invalid session 0x100222231fc0001 for client /127.0.0.1:54403, probably expired
2024-06-06 10:03:23,202 [myid:] - INFO  [NIOWorkerThread-5:o.a.z.s.NIOServerCnxn@342] - Unable to read additional data from client, it probably closed the socket: address = /[0:0:0:0:0:0:0:1]:54404, session = 0x100222231fc0002
