[2024-06-04 20:24:59,184] DEBUG [Controller id=0] Resigning (kafka.controller.KafkaController)
[2024-06-04 20:24:59,188] DEBUG [Controller id=0] Unregister BrokerModifications handler for Set(0) (kafka.controller.KafkaController)
[2024-06-04 20:24:59,196] INFO [PartitionStateMachine controllerId=0] Stopped partition state machine (kafka.controller.ZkPartitionStateMachine)
[2024-06-04 20:24:59,198] INFO [ReplicaStateMachine controllerId=0] Stopped replica state machine (kafka.controller.ZkReplicaStateMachine)
[2024-06-04 20:24:59,202] INFO [RequestSendThread controllerId=0] Shutting down (kafka.controller.RequestSendThread)
[2024-06-04 20:24:59,204] INFO [RequestSendThread controllerId=0] Shutdown completed (kafka.controller.RequestSendThread)
[2024-06-04 20:24:59,204] INFO [RequestSendThread controllerId=0] Stopped (kafka.controller.RequestSendThread)
[2024-06-04 20:24:59,228] INFO [Controller id=0] Resigned (kafka.controller.KafkaController)
[2024-06-04 20:24:59,370] INFO [Controller id=0] 0 successfully elected as the controller. Epoch incremented to 2 and epoch zk version is now 2 (kafka.controller.KafkaController)
[2024-06-04 20:24:59,496] INFO [Controller id=0] Registering handlers (kafka.controller.KafkaController)
[2024-06-04 20:24:59,510] INFO [Controller id=0] Deleting log dir event notifications (kafka.controller.KafkaController)
[2024-06-04 20:24:59,513] INFO [Controller id=0] Deleting isr change notifications (kafka.controller.KafkaController)
[2024-06-04 20:24:59,517] INFO [Controller id=0] Initializing controller context (kafka.controller.KafkaController)
[2024-06-04 20:24:59,524] INFO [Controller id=0] Initialized broker epochs cache: Map(0 -> 39) (kafka.controller.KafkaController)
[2024-06-04 20:24:59,530] DEBUG [Controller id=0] Register BrokerModifications handler for Set(0) (kafka.controller.KafkaController)
[2024-06-04 20:24:59,538] DEBUG [Channel manager on controller 0]: Controller 0 trying to connect to broker 0 (kafka.controller.ControllerChannelManager)
[2024-06-04 20:24:59,545] INFO [RequestSendThread controllerId=0] Starting (kafka.controller.RequestSendThread)
[2024-06-04 20:24:59,545] INFO [Controller id=0] Currently active brokers in the cluster: Set(0) (kafka.controller.KafkaController)
[2024-06-04 20:24:59,546] INFO [Controller id=0] Currently shutting brokers in the cluster: Set() (kafka.controller.KafkaController)
[2024-06-04 20:24:59,546] INFO [Controller id=0] Current list of topics in the cluster: Set(toll) (kafka.controller.KafkaController)
[2024-06-04 20:24:59,546] INFO [Controller id=0] Fetching topic deletions in progress (kafka.controller.KafkaController)
[2024-06-04 20:24:59,551] INFO [Controller id=0] List of topics to be deleted:  (kafka.controller.KafkaController)
[2024-06-04 20:24:59,551] INFO [Controller id=0] List of topics ineligible for deletion:  (kafka.controller.KafkaController)
[2024-06-04 20:24:59,551] INFO [Controller id=0] Initializing topic deletion manager (kafka.controller.KafkaController)
[2024-06-04 20:24:59,551] INFO [Topic Deletion Manager 0] Initializing manager with initial deletions: Set(), initial ineligible deletions: Set() (kafka.controller.TopicDeletionManager)
[2024-06-04 20:24:59,551] INFO [Controller id=0] Sending update metadata request (kafka.controller.KafkaController)
[2024-06-04 20:24:59,555] INFO [ReplicaStateMachine controllerId=0] Initializing replica state (kafka.controller.ZkReplicaStateMachine)
[2024-06-04 20:24:59,556] INFO [RequestSendThread controllerId=0] Controller 0 connected to localhost:9092 (id: 0 rack: null) for sending state change requests (kafka.controller.RequestSendThread)
[2024-06-04 20:24:59,557] INFO [ReplicaStateMachine controllerId=0] Triggering online replica state changes (kafka.controller.ZkReplicaStateMachine)
[2024-06-04 20:24:59,567] INFO [ReplicaStateMachine controllerId=0] Triggering offline replica state changes (kafka.controller.ZkReplicaStateMachine)
[2024-06-04 20:24:59,568] DEBUG [ReplicaStateMachine controllerId=0] Started replica state machine with initial state -> Map([Topic=toll,Partition=0,Replica=0] -> OnlineReplica) (kafka.controller.ZkReplicaStateMachine)
[2024-06-04 20:24:59,568] INFO [PartitionStateMachine controllerId=0] Initializing partition state (kafka.controller.ZkPartitionStateMachine)
[2024-06-04 20:24:59,568] INFO [PartitionStateMachine controllerId=0] Triggering online partition state changes (kafka.controller.ZkPartitionStateMachine)
[2024-06-04 20:24:59,568] DEBUG [PartitionStateMachine controllerId=0] Started partition state machine with initial state -> Map(toll-0 -> OnlinePartition) (kafka.controller.ZkPartitionStateMachine)
[2024-06-04 20:24:59,569] INFO [Controller id=0] Ready to serve as the new controller with epoch 2 (kafka.controller.KafkaController)
[2024-06-04 20:24:59,572] INFO [Controller id=0] Partitions undergoing preferred replica election:  (kafka.controller.KafkaController)
[2024-06-04 20:24:59,572] INFO [Controller id=0] Partitions that completed preferred replica election:  (kafka.controller.KafkaController)
[2024-06-04 20:24:59,572] INFO [Controller id=0] Skipping preferred replica election for partitions due to topic deletion:  (kafka.controller.KafkaController)
[2024-06-04 20:24:59,572] INFO [Controller id=0] Resuming preferred replica election for partitions:  (kafka.controller.KafkaController)
[2024-06-04 20:24:59,572] INFO [Controller id=0] Starting replica leader election (PREFERRED) for partitions  triggered by ZkTriggered (kafka.controller.KafkaController)
[2024-06-04 20:24:59,589] INFO [Controller id=0] Starting the controller scheduler (kafka.controller.KafkaController)
[2024-06-04 20:25:05,737] INFO [Controller id=0] Processing automatic preferred replica leader election (kafka.controller.KafkaController)
[2024-06-04 20:25:05,737] TRACE [Controller id=0] Checking need to trigger auto leader balancing (kafka.controller.KafkaController)
[2024-06-04 20:25:05,738] DEBUG [Controller id=0] Topics not in preferred replica for broker 0 Map() (kafka.controller.KafkaController)
[2024-06-04 20:25:05,738] TRACE [Controller id=0] Leader imbalance ratio for broker 0 is 0.0 (kafka.controller.KafkaController)
[2024-06-04 20:30:05,749] INFO [Controller id=0] Processing automatic preferred replica leader election (kafka.controller.KafkaController)
[2024-06-04 20:30:05,752] TRACE [Controller id=0] Checking need to trigger auto leader balancing (kafka.controller.KafkaController)
[2024-06-04 20:30:05,753] DEBUG [Controller id=0] Topics not in preferred replica for broker 0 Map() (kafka.controller.KafkaController)
[2024-06-04 20:30:05,753] TRACE [Controller id=0] Leader imbalance ratio for broker 0 is 0.0 (kafka.controller.KafkaController)
[2024-06-04 20:35:26,892] INFO [Controller id=0] Processing automatic preferred replica leader election (kafka.controller.KafkaController)
[2024-06-04 20:35:26,893] TRACE [Controller id=0] Checking need to trigger auto leader balancing (kafka.controller.KafkaController)
[2024-06-04 20:35:26,894] DEBUG [Controller id=0] Topics not in preferred replica for broker 0 Map() (kafka.controller.KafkaController)
[2024-06-04 20:35:26,894] TRACE [Controller id=0] Leader imbalance ratio for broker 0 is 0.0 (kafka.controller.KafkaController)
[2024-06-04 20:40:26,903] INFO [Controller id=0] Processing automatic preferred replica leader election (kafka.controller.KafkaController)
[2024-06-04 20:40:26,905] TRACE [Controller id=0] Checking need to trigger auto leader balancing (kafka.controller.KafkaController)
[2024-06-04 20:40:26,905] DEBUG [Controller id=0] Topics not in preferred replica for broker 0 Map() (kafka.controller.KafkaController)
[2024-06-04 20:40:26,905] TRACE [Controller id=0] Leader imbalance ratio for broker 0 is 0.0 (kafka.controller.KafkaController)
[2024-06-04 20:45:26,979] INFO [Controller id=0] Processing automatic preferred replica leader election (kafka.controller.KafkaController)
[2024-06-04 20:45:26,980] TRACE [Controller id=0] Checking need to trigger auto leader balancing (kafka.controller.KafkaController)
[2024-06-04 20:45:26,980] DEBUG [Controller id=0] Topics not in preferred replica for broker 0 Map() (kafka.controller.KafkaController)
[2024-06-04 20:45:26,980] TRACE [Controller id=0] Leader imbalance ratio for broker 0 is 0.0 (kafka.controller.KafkaController)
