[2024-06-13T13:48:40.929-0400][gc,init] CardTable entry size: 512
[2024-06-13T13:48:40.930-0400][gc     ] Using G1
[2024-06-13T13:48:40.942-0400][gc,init] Version: 21.0.3 (release)
[2024-06-13T13:48:40.943-0400][gc,init] CPUs: 4 total, 4 available
[2024-06-13T13:48:40.943-0400][gc,init] Memory: 8192M
[2024-06-13T13:48:40.943-0400][gc,init] Large Page Support: Disabled
[2024-06-13T13:48:40.943-0400][gc,init] NUMA Support: Disabled
[2024-06-13T13:48:40.943-0400][gc,init] Compressed Oops: Enabled (Zero based)
[2024-06-13T13:48:40.943-0400][gc,init] Heap Region Size: 1M
[2024-06-13T13:48:40.943-0400][gc,init] Heap Min Capacity: 1G
[2024-06-13T13:48:40.943-0400][gc,init] Heap Initial Capacity: 1G
[2024-06-13T13:48:40.943-0400][gc,init] Heap Max Capacity: 1G
[2024-06-13T13:48:40.943-0400][gc,init] Pre-touch: Disabled
[2024-06-13T13:48:40.943-0400][gc,init] Parallel Workers: 4
[2024-06-13T13:48:40.943-0400][gc,init] Concurrent Workers: 1
[2024-06-13T13:48:40.943-0400][gc,init] Concurrent Refinement Workers: 4
[2024-06-13T13:48:40.943-0400][gc,init] Periodic GC: Disabled
[2024-06-13T13:48:40.958-0400][gc,metaspace] CDS archive(s) mapped at: [0x000000012c000000-0x000000012cca1000-0x000000012cca1000), size 13242368, SharedBaseAddress: 0x000000012c000000, ArchiveRelocationMode: 1.
[2024-06-13T13:48:40.958-0400][gc,metaspace] Compressed class space mapped at: 0x000000012d000000-0x000000016d000000, reserved size: 1073741824
[2024-06-13T13:48:40.958-0400][gc,metaspace] Narrow klass base: 0x000000012c000000, Narrow klass shift: 0, Narrow klass range: 0x100000000
[2024-06-13T13:48:43.585-0400][gc,start    ] GC(0) Pause Young (Normal) (G1 Evacuation Pause)
[2024-06-13T13:48:43.586-0400][gc,task     ] GC(0) Using 4 workers of 4 for evacuation
[2024-06-13T13:48:43.600-0400][gc,phases   ] GC(0)   Pre Evacuate Collection Set: 0.7ms
[2024-06-13T13:48:43.600-0400][gc,phases   ] GC(0)   Merge Heap Roots: 0.1ms
[2024-06-13T13:48:43.600-0400][gc,phases   ] GC(0)   Evacuate Collection Set: 11.7ms
[2024-06-13T13:48:43.600-0400][gc,phases   ] GC(0)   Post Evacuate Collection Set: 1.6ms
[2024-06-13T13:48:43.600-0400][gc,phases   ] GC(0)   Other: 1.1ms
[2024-06-13T13:48:43.600-0400][gc,heap     ] GC(0) Eden regions: 51->0(44)
[2024-06-13T13:48:43.601-0400][gc,heap     ] GC(0) Survivor regions: 0->7(7)
[2024-06-13T13:48:43.601-0400][gc,heap     ] GC(0) Old regions: 2->3
[2024-06-13T13:48:43.601-0400][gc,heap     ] GC(0) Humongous regions: 0->0
[2024-06-13T13:48:43.601-0400][gc,metaspace] GC(0) Metaspace: 20028K(20288K)->20028K(20288K) NonClass: 17429K(17600K)->17429K(17600K) Class: 2599K(2688K)->2599K(2688K)
[2024-06-13T13:48:43.601-0400][gc          ] GC(0) Pause Young (Normal) (G1 Evacuation Pause) 52M->8M(1024M) 16.284ms
[2024-06-13T13:48:43.601-0400][gc,cpu      ] GC(0) User=0.02s Sys=0.01s Real=0.02s
[2024-06-13T13:48:43.834-0400][gc,start    ] GC(1) Pause Young (Concurrent Start) (Metadata GC Threshold)
[2024-06-13T13:48:43.834-0400][gc,task     ] GC(1) Using 4 workers of 4 for evacuation
[2024-06-13T13:48:43.846-0400][gc,phases   ] GC(1)   Pre Evacuate Collection Set: 0.1ms
[2024-06-13T13:48:43.846-0400][gc,phases   ] GC(1)   Merge Heap Roots: 0.0ms
[2024-06-13T13:48:43.846-0400][gc,phases   ] GC(1)   Evacuate Collection Set: 9.3ms
[2024-06-13T13:48:43.847-0400][gc,phases   ] GC(1)   Post Evacuate Collection Set: 3.0ms
[2024-06-13T13:48:43.847-0400][gc,phases   ] GC(1)   Other: 0.1ms
[2024-06-13T13:48:43.847-0400][gc,heap     ] GC(1) Eden regions: 6->0(50)
[2024-06-13T13:48:43.847-0400][gc,heap     ] GC(1) Survivor regions: 7->1(7)
[2024-06-13T13:48:43.847-0400][gc,heap     ] GC(1) Old regions: 3->10
[2024-06-13T13:48:43.847-0400][gc,heap     ] GC(1) Humongous regions: 0->0
[2024-06-13T13:48:43.847-0400][gc,metaspace] GC(1) Metaspace: 21276K(21504K)->21276K(21504K) NonClass: 18516K(18688K)->18516K(18688K) Class: 2759K(2816K)->2759K(2816K)
[2024-06-13T13:48:43.847-0400][gc          ] GC(1) Pause Young (Concurrent Start) (Metadata GC Threshold) 13M->9M(1024M) 13.027ms
[2024-06-13T13:48:43.847-0400][gc          ] GC(2) Concurrent Mark Cycle
[2024-06-13T13:48:43.847-0400][gc,cpu      ] GC(1) User=0.03s Sys=0.01s Real=0.01s
[2024-06-13T13:48:43.847-0400][gc,marking  ] GC(2) Concurrent Scan Root Regions
[2024-06-13T13:48:43.855-0400][gc,marking  ] GC(2) Concurrent Scan Root Regions 8.182ms
[2024-06-13T13:48:43.855-0400][gc,marking  ] GC(2) Concurrent Mark
[2024-06-13T13:48:43.855-0400][gc,marking  ] GC(2) Concurrent Mark From Roots
[2024-06-13T13:48:43.855-0400][gc,task     ] GC(2) Using 1 workers of 1 for marking
[2024-06-13T13:48:43.860-0400][gc,marking  ] GC(2) Concurrent Mark From Roots 4.131ms
[2024-06-13T13:48:43.860-0400][gc,marking  ] GC(2) Concurrent Preclean
[2024-06-13T13:48:43.860-0400][gc,marking  ] GC(2) Concurrent Preclean 0.275ms
[2024-06-13T13:48:43.860-0400][gc,start    ] GC(2) Pause Remark
[2024-06-13T13:48:43.867-0400][gc          ] GC(2) Pause Remark 10M->10M(1024M) 6.629ms
[2024-06-13T13:48:43.867-0400][gc,cpu      ] GC(2) User=0.01s Sys=0.00s Real=0.00s
[2024-06-13T13:48:43.868-0400][gc,marking  ] GC(2) Concurrent Mark 12.326ms
[2024-06-13T13:48:43.868-0400][gc,marking  ] GC(2) Concurrent Rebuild Remembered Sets and Scrub Regions
[2024-06-13T13:48:43.879-0400][gc,marking  ] GC(2) Concurrent Rebuild Remembered Sets and Scrub Regions 11.727ms
[2024-06-13T13:48:43.881-0400][gc,start    ] GC(2) Pause Cleanup
[2024-06-13T13:48:43.881-0400][gc          ] GC(2) Pause Cleanup 10M->10M(1024M) 0.215ms
[2024-06-13T13:48:43.881-0400][gc,cpu      ] GC(2) User=0.00s Sys=0.00s Real=0.00s
[2024-06-13T13:48:43.881-0400][gc,marking  ] GC(2) Concurrent Clear Claimed Marks
[2024-06-13T13:48:43.881-0400][gc,marking  ] GC(2) Concurrent Clear Claimed Marks 0.046ms
[2024-06-13T13:48:43.881-0400][gc,marking  ] GC(2) Concurrent Cleanup for Next Mark
[2024-06-13T13:48:43.903-0400][gc,marking  ] GC(2) Concurrent Cleanup for Next Mark 21.811ms
[2024-06-13T13:48:43.903-0400][gc          ] GC(2) Concurrent Mark Cycle 55.919ms
[2024-06-13T13:48:45.336-0400][gc,start    ] GC(3) Pause Young (Prepare Mixed) (G1 Evacuation Pause)
[2024-06-13T13:48:45.336-0400][gc,task     ] GC(3) Using 4 workers of 4 for evacuation
[2024-06-13T13:48:45.345-0400][gc,phases   ] GC(3)   Pre Evacuate Collection Set: 0.2ms
[2024-06-13T13:48:45.345-0400][gc,phases   ] GC(3)   Merge Heap Roots: 0.1ms
[2024-06-13T13:48:45.345-0400][gc,phases   ] GC(3)   Evacuate Collection Set: 7.7ms
[2024-06-13T13:48:45.345-0400][gc,phases   ] GC(3)   Post Evacuate Collection Set: 0.5ms
[2024-06-13T13:48:45.345-0400][gc,phases   ] GC(3)   Other: 0.1ms
[2024-06-13T13:48:45.345-0400][gc,heap     ] GC(3) Eden regions: 50->0(45)
[2024-06-13T13:48:45.345-0400][gc,heap     ] GC(3) Survivor regions: 1->6(7)
[2024-06-13T13:48:45.345-0400][gc,heap     ] GC(3) Old regions: 10->10
[2024-06-13T13:48:45.345-0400][gc,heap     ] GC(3) Humongous regions: 129->129
[2024-06-13T13:48:45.345-0400][gc,metaspace] GC(3) Metaspace: 33503K(33856K)->33503K(33856K) NonClass: 29436K(29632K)->29436K(29632K) Class: 4066K(4224K)->4066K(4224K)
[2024-06-13T13:48:45.345-0400][gc          ] GC(3) Pause Young (Prepare Mixed) (G1 Evacuation Pause) 188M->142M(1024M) 8.876ms
[2024-06-13T13:48:45.345-0400][gc,cpu      ] GC(3) User=0.03s Sys=0.00s Real=0.01s
[2024-06-13T13:50:45.236-0400][gc,start    ] GC(4) Pause Young (Mixed) (Metadata GC Threshold)
[2024-06-13T13:50:45.236-0400][gc,task     ] GC(4) Using 4 workers of 4 for evacuation
[2024-06-13T13:50:45.244-0400][gc,phases   ] GC(4)   Pre Evacuate Collection Set: 0.2ms
[2024-06-13T13:50:45.244-0400][gc,phases   ] GC(4)   Merge Heap Roots: 0.1ms
[2024-06-13T13:50:45.244-0400][gc,phases   ] GC(4)   Evacuate Collection Set: 7.4ms
[2024-06-13T13:50:45.244-0400][gc,phases   ] GC(4)   Post Evacuate Collection Set: 0.4ms
[2024-06-13T13:50:45.245-0400][gc,phases   ] GC(4)   Other: 0.1ms
[2024-06-13T13:50:45.245-0400][gc,heap     ] GC(4) Eden regions: 11->0(50)
[2024-06-13T13:50:45.245-0400][gc,heap     ] GC(4) Survivor regions: 6->1(7)
[2024-06-13T13:50:45.245-0400][gc,heap     ] GC(4) Old regions: 10->14
[2024-06-13T13:50:45.245-0400][gc,heap     ] GC(4) Humongous regions: 129->129
[2024-06-13T13:50:45.245-0400][gc,metaspace] GC(4) Metaspace: 35592K(35968K)->35592K(35968K) NonClass: 31217K(31424K)->31217K(31424K) Class: 4375K(4544K)->4375K(4544K)
[2024-06-13T13:50:45.245-0400][gc          ] GC(4) Pause Young (Mixed) (Metadata GC Threshold) 153M->143M(1024M) 8.602ms
[2024-06-13T13:50:45.245-0400][gc,cpu      ] GC(4) User=0.02s Sys=0.01s Real=0.01s
[2024-06-13T13:50:45.354-0400][gc,start    ] GC(5) Pause Young (Concurrent Start) (Metadata GC Threshold)
[2024-06-13T13:50:45.354-0400][gc,task     ] GC(5) Using 4 workers of 4 for evacuation
[2024-06-13T13:50:45.356-0400][gc,phases   ] GC(5)   Pre Evacuate Collection Set: 0.2ms
[2024-06-13T13:50:45.357-0400][gc,phases   ] GC(5)   Merge Heap Roots: 0.0ms
[2024-06-13T13:50:45.357-0400][gc,phases   ] GC(5)   Evacuate Collection Set: 2.0ms
[2024-06-13T13:50:45.357-0400][gc,phases   ] GC(5)   Post Evacuate Collection Set: 0.3ms
[2024-06-13T13:50:45.357-0400][gc,phases   ] GC(5)   Other: 0.1ms
[2024-06-13T13:50:45.357-0400][gc,heap     ] GC(5) Eden regions: 4->0(50)
[2024-06-13T13:50:45.357-0400][gc,heap     ] GC(5) Survivor regions: 1->1(7)
[2024-06-13T13:50:45.357-0400][gc,heap     ] GC(5) Old regions: 14->14
[2024-06-13T13:50:45.357-0400][gc,heap     ] GC(5) Humongous regions: 129->129
[2024-06-13T13:50:45.357-0400][gc,metaspace] GC(5) Metaspace: 35964K(36288K)->35964K(36288K) NonClass: 31496K(31680K)->31496K(31680K) Class: 4467K(4608K)->4467K(4608K)
[2024-06-13T13:50:45.357-0400][gc          ] GC(5) Pause Young (Concurrent Start) (Metadata GC Threshold) 146M->143M(1024M) 2.927ms
[2024-06-13T13:50:45.357-0400][gc,cpu      ] GC(5) User=0.01s Sys=0.00s Real=0.00s
[2024-06-13T13:50:45.357-0400][gc          ] GC(6) Concurrent Mark Cycle
[2024-06-13T13:50:45.357-0400][gc,marking  ] GC(6) Concurrent Scan Root Regions
[2024-06-13T13:50:45.359-0400][gc,marking  ] GC(6) Concurrent Scan Root Regions 1.853ms
[2024-06-13T13:50:45.359-0400][gc,marking  ] GC(6) Concurrent Mark
[2024-06-13T13:50:45.359-0400][gc,marking  ] GC(6) Concurrent Mark From Roots
[2024-06-13T13:50:45.359-0400][gc,task     ] GC(6) Using 1 workers of 1 for marking
[2024-06-13T13:50:45.394-0400][gc,marking  ] GC(6) Concurrent Mark From Roots 34.958ms
[2024-06-13T13:50:45.394-0400][gc,marking  ] GC(6) Concurrent Preclean
[2024-06-13T13:50:45.394-0400][gc,marking  ] GC(6) Concurrent Preclean 0.077ms
[2024-06-13T13:50:45.394-0400][gc,start    ] GC(6) Pause Remark
[2024-06-13T13:50:45.397-0400][gc          ] GC(6) Pause Remark 146M->146M(1024M) 3.204ms
[2024-06-13T13:50:45.397-0400][gc,cpu      ] GC(6) User=0.00s Sys=0.00s Real=0.00s
[2024-06-13T13:50:45.397-0400][gc,marking  ] GC(6) Concurrent Mark 38.533ms
[2024-06-13T13:50:45.397-0400][gc,marking  ] GC(6) Concurrent Rebuild Remembered Sets and Scrub Regions
[2024-06-13T13:50:45.409-0400][gc,marking  ] GC(6) Concurrent Rebuild Remembered Sets and Scrub Regions 11.893ms
[2024-06-13T13:50:45.409-0400][gc,start    ] GC(6) Pause Cleanup
[2024-06-13T13:50:45.410-0400][gc          ] GC(6) Pause Cleanup 146M->146M(1024M) 0.462ms
[2024-06-13T13:50:45.410-0400][gc,cpu      ] GC(6) User=0.00s Sys=0.00s Real=0.01s
[2024-06-13T13:50:45.410-0400][gc,marking  ] GC(6) Concurrent Clear Claimed Marks
[2024-06-13T13:50:45.410-0400][gc,marking  ] GC(6) Concurrent Clear Claimed Marks 0.142ms
[2024-06-13T13:50:45.410-0400][gc,marking  ] GC(6) Concurrent Cleanup for Next Mark
[2024-06-13T13:50:45.414-0400][gc,marking  ] GC(6) Concurrent Cleanup for Next Mark 3.444ms
[2024-06-13T13:50:45.414-0400][gc          ] GC(6) Concurrent Mark Cycle 57.008ms
[2024-06-13T14:17:21.848-0400][gc,start    ] GC(7) Pause Young (Prepare Mixed) (G1 Evacuation Pause)
[2024-06-13T14:17:21.853-0400][gc,task     ] GC(7) Using 4 workers of 4 for evacuation
[2024-06-13T14:17:22.056-0400][gc,mmu      ] GC(7) MMU target violated: 21.0ms (20.0ms/21.0ms)
[2024-06-13T14:17:22.056-0400][gc,phases   ] GC(7)   Pre Evacuate Collection Set: 15.5ms
[2024-06-13T14:17:22.057-0400][gc,phases   ] GC(7)   Merge Heap Roots: 5.7ms
[2024-06-13T14:17:22.057-0400][gc,phases   ] GC(7)   Evacuate Collection Set: 97.7ms
[2024-06-13T14:17:22.057-0400][gc,phases   ] GC(7)   Post Evacuate Collection Set: 84.1ms
[2024-06-13T14:17:22.057-0400][gc,phases   ] GC(7)   Other: 0.4ms
[2024-06-13T14:17:22.057-0400][gc,heap     ] GC(7) Eden regions: 50->0(47)
[2024-06-13T14:17:22.057-0400][gc,heap     ] GC(7) Survivor regions: 1->4(7)
[2024-06-13T14:17:22.057-0400][gc,heap     ] GC(7) Old regions: 14->14
[2024-06-13T14:17:22.057-0400][gc,heap     ] GC(7) Humongous regions: 129->129
[2024-06-13T14:17:22.057-0400][gc,metaspace] GC(7) Metaspace: 39959K(40512K)->39959K(40512K) NonClass: 35026K(35328K)->35026K(35328K) Class: 4932K(5184K)->4932K(5184K)
[2024-06-13T14:17:22.057-0400][gc          ] GC(7) Pause Young (Prepare Mixed) (G1 Evacuation Pause) 193M->145M(1024M) 209.113ms
[2024-06-13T14:17:22.057-0400][gc,cpu      ] GC(7) User=0.04s Sys=0.06s Real=0.21s
[2024-06-13T15:58:30.575-0400][gc,start    ] GC(8) Pause Young (Mixed) (G1 Evacuation Pause)
[2024-06-13T15:58:30.577-0400][gc,task     ] GC(8) Using 4 workers of 4 for evacuation
[2024-06-13T15:58:30.736-0400][gc,mmu      ] GC(8) MMU target violated: 21.0ms (20.0ms/21.0ms)
[2024-06-13T15:58:30.737-0400][gc,phases   ] GC(8)   Pre Evacuate Collection Set: 10.1ms
[2024-06-13T15:58:30.737-0400][gc,phases   ] GC(8)   Merge Heap Roots: 2.1ms
[2024-06-13T15:58:30.737-0400][gc,phases   ] GC(8)   Evacuate Collection Set: 142.4ms
[2024-06-13T15:58:30.737-0400][gc,phases   ] GC(8)   Post Evacuate Collection Set: 4.0ms
[2024-06-13T15:58:30.737-0400][gc,phases   ] GC(8)   Other: 1.2ms
[2024-06-13T15:58:30.737-0400][gc,heap     ] GC(8) Eden regions: 47->0(47)
[2024-06-13T15:58:30.738-0400][gc,heap     ] GC(8) Survivor regions: 4->4(7)
[2024-06-13T15:58:30.738-0400][gc,heap     ] GC(8) Old regions: 14->14
[2024-06-13T15:58:30.738-0400][gc,heap     ] GC(8) Humongous regions: 129->129
[2024-06-13T15:58:30.738-0400][gc,metaspace] GC(8) Metaspace: 40075K(40640K)->40075K(40640K) NonClass: 35141K(35456K)->35141K(35456K) Class: 4933K(5184K)->4933K(5184K)
[2024-06-13T15:58:30.738-0400][gc          ] GC(8) Pause Young (Mixed) (G1 Evacuation Pause) 192M->145M(1024M) 162.899ms
[2024-06-13T15:58:30.738-0400][gc,cpu      ] GC(8) User=0.19s Sys=0.19s Real=0.16s
[2024-06-13T16:14:22.746-0400][gc,start    ] GC(9) Pause Young (Normal) (G1 Evacuation Pause)
[2024-06-13T16:14:22.748-0400][gc,task     ] GC(9) Using 4 workers of 4 for evacuation
[2024-06-13T16:14:22.842-0400][gc,mmu      ] GC(9) MMU target violated: 21.0ms (20.0ms/21.0ms)
[2024-06-13T16:14:22.843-0400][gc,phases   ] GC(9)   Pre Evacuate Collection Set: 9.6ms
[2024-06-13T16:14:22.843-0400][gc,phases   ] GC(9)   Merge Heap Roots: 0.8ms
[2024-06-13T16:14:22.843-0400][gc,phases   ] GC(9)   Evacuate Collection Set: 83.1ms
[2024-06-13T16:14:22.843-0400][gc,phases   ] GC(9)   Post Evacuate Collection Set: 1.0ms
[2024-06-13T16:14:22.843-0400][gc,phases   ] GC(9)   Other: 0.3ms
[2024-06-13T16:14:22.843-0400][gc,heap     ] GC(9) Eden regions: 47->0(47)
[2024-06-13T16:14:22.843-0400][gc,heap     ] GC(9) Survivor regions: 4->4(7)
[2024-06-13T16:14:22.843-0400][gc,heap     ] GC(9) Old regions: 14->14
[2024-06-13T16:14:22.843-0400][gc,heap     ] GC(9) Humongous regions: 129->129
[2024-06-13T16:14:22.843-0400][gc,metaspace] GC(9) Metaspace: 40129K(40704K)->40129K(40704K) NonClass: 35195K(35520K)->35195K(35520K) Class: 4934K(5184K)->4934K(5184K)
[2024-06-13T16:14:22.843-0400][gc          ] GC(9) Pause Young (Normal) (G1 Evacuation Pause) 192M->145M(1024M) 96.416ms
[2024-06-13T16:14:22.843-0400][gc,cpu      ] GC(9) User=0.04s Sys=0.11s Real=0.10s
[2024-06-13T16:27:42.314-0400][gc,start    ] GC(10) Pause Young (Normal) (G1 Evacuation Pause)
[2024-06-13T16:27:42.314-0400][gc,task     ] GC(10) Using 4 workers of 4 for evacuation
[2024-06-13T16:27:42.383-0400][gc,mmu      ] GC(10) MMU target violated: 21.0ms (20.0ms/21.0ms)
[2024-06-13T16:27:42.383-0400][gc,phases   ] GC(10)   Pre Evacuate Collection Set: 2.6ms
[2024-06-13T16:27:42.383-0400][gc,phases   ] GC(10)   Merge Heap Roots: 1.0ms
[2024-06-13T16:27:42.383-0400][gc,phases   ] GC(10)   Evacuate Collection Set: 59.3ms
[2024-06-13T16:27:42.383-0400][gc,phases   ] GC(10)   Post Evacuate Collection Set: 3.6ms
[2024-06-13T16:27:42.383-0400][gc,phases   ] GC(10)   Other: 2.3ms
[2024-06-13T16:27:42.383-0400][gc,heap     ] GC(10) Eden regions: 47->0(47)
[2024-06-13T16:27:42.383-0400][gc,heap     ] GC(10) Survivor regions: 4->4(7)
[2024-06-13T16:27:42.383-0400][gc,heap     ] GC(10) Old regions: 14->14
[2024-06-13T16:27:42.383-0400][gc,heap     ] GC(10) Humongous regions: 129->129
[2024-06-13T16:27:42.383-0400][gc,metaspace] GC(10) Metaspace: 40153K(40704K)->40153K(40704K) NonClass: 35218K(35520K)->35218K(35520K) Class: 4934K(5184K)->4934K(5184K)
[2024-06-13T16:27:42.383-0400][gc          ] GC(10) Pause Young (Normal) (G1 Evacuation Pause) 192M->145M(1024M) 69.409ms
[2024-06-13T16:27:42.383-0400][gc,cpu      ] GC(10) User=0.03s Sys=0.09s Real=0.07s
[2024-06-13T16:40:28.175-0400][gc,start    ] GC(11) Pause Young (Normal) (G1 Evacuation Pause)
[2024-06-13T16:40:28.175-0400][gc,task     ] GC(11) Using 4 workers of 4 for evacuation
[2024-06-13T16:40:28.420-0400][gc,mmu      ] GC(11) MMU target violated: 21.0ms (20.0ms/21.0ms)
[2024-06-13T16:40:28.420-0400][gc,phases   ] GC(11)   Pre Evacuate Collection Set: 1.4ms
[2024-06-13T16:40:28.420-0400][gc,phases   ] GC(11)   Merge Heap Roots: 0.8ms
[2024-06-13T16:40:28.420-0400][gc,phases   ] GC(11)   Evacuate Collection Set: 238.9ms
[2024-06-13T16:40:28.420-0400][gc,phases   ] GC(11)   Post Evacuate Collection Set: 3.3ms
[2024-06-13T16:40:28.420-0400][gc,phases   ] GC(11)   Other: 0.4ms
[2024-06-13T16:40:28.420-0400][gc,heap     ] GC(11) Eden regions: 47->0(47)
[2024-06-13T16:40:28.420-0400][gc,heap     ] GC(11) Survivor regions: 4->4(7)
[2024-06-13T16:40:28.420-0400][gc,heap     ] GC(11) Old regions: 14->14
[2024-06-13T16:40:28.420-0400][gc,heap     ] GC(11) Humongous regions: 129->129
[2024-06-13T16:40:28.420-0400][gc,metaspace] GC(11) Metaspace: 40260K(40832K)->40260K(40832K) NonClass: 35315K(35648K)->35315K(35648K) Class: 4944K(5184K)->4944K(5184K)
[2024-06-13T16:40:28.423-0400][gc          ] GC(11) Pause Young (Normal) (G1 Evacuation Pause) 192M->145M(1024M) 248.331ms
[2024-06-13T16:40:28.423-0400][gc,cpu      ] GC(11) User=0.03s Sys=0.13s Real=0.25s
[2024-06-13T16:54:22.768-0400][gc,start    ] GC(12) Pause Young (Normal) (G1 Evacuation Pause)
[2024-06-13T16:54:22.770-0400][gc,task     ] GC(12) Using 4 workers of 4 for evacuation
[2024-06-13T16:54:23.036-0400][gc,mmu      ] GC(12) MMU target violated: 21.0ms (20.0ms/21.0ms)
[2024-06-13T16:54:23.037-0400][gc,phases   ] GC(12)   Pre Evacuate Collection Set: 5.6ms
[2024-06-13T16:54:23.037-0400][gc,phases   ] GC(12)   Merge Heap Roots: 1.9ms
[2024-06-13T16:54:23.037-0400][gc,phases   ] GC(12)   Evacuate Collection Set: 244.6ms
[2024-06-13T16:54:23.037-0400][gc,phases   ] GC(12)   Post Evacuate Collection Set: 13.2ms
[2024-06-13T16:54:23.037-0400][gc,phases   ] GC(12)   Other: 2.4ms
[2024-06-13T16:54:23.037-0400][gc,heap     ] GC(12) Eden regions: 47->0(47)
[2024-06-13T16:54:23.037-0400][gc,heap     ] GC(12) Survivor regions: 4->4(7)
[2024-06-13T16:54:23.037-0400][gc,heap     ] GC(12) Old regions: 14->14
[2024-06-13T16:54:23.037-0400][gc,heap     ] GC(12) Humongous regions: 129->129
[2024-06-13T16:54:23.037-0400][gc,metaspace] GC(12) Metaspace: 40286K(40896K)->40286K(40896K) NonClass: 35341K(35712K)->35341K(35712K) Class: 4944K(5184K)->4944K(5184K)
[2024-06-13T16:54:23.038-0400][gc          ] GC(12) Pause Young (Normal) (G1 Evacuation Pause) 192M->146M(1024M) 270.334ms
[2024-06-13T16:54:23.038-0400][gc,cpu      ] GC(12) User=0.04s Sys=0.16s Real=0.27s
