[2024-06-05T01:29:36.447-0400][gc,init] CardTable entry size: 512
[2024-06-05T01:29:36.448-0400][gc     ] Using G1
[2024-06-05T01:29:36.451-0400][gc,init] Version: 21.0.3 (release)
[2024-06-05T01:29:36.451-0400][gc,init] CPUs: 4 total, 4 available
[2024-06-05T01:29:36.451-0400][gc,init] Memory: 8192M
[2024-06-05T01:29:36.451-0400][gc,init] Large Page Support: Disabled
[2024-06-05T01:29:36.451-0400][gc,init] NUMA Support: Disabled
[2024-06-05T01:29:36.451-0400][gc,init] Compressed Oops: Enabled (Zero based)
[2024-06-05T01:29:36.451-0400][gc,init] Heap Region Size: 1M
[2024-06-05T01:29:36.451-0400][gc,init] Heap Min Capacity: 512M
[2024-06-05T01:29:36.452-0400][gc,init] Heap Initial Capacity: 512M
[2024-06-05T01:29:36.452-0400][gc,init] Heap Max Capacity: 512M
[2024-06-05T01:29:36.452-0400][gc,init] Pre-touch: Disabled
[2024-06-05T01:29:36.452-0400][gc,init] Parallel Workers: 4
[2024-06-05T01:29:36.452-0400][gc,init] Concurrent Workers: 1
[2024-06-05T01:29:36.452-0400][gc,init] Concurrent Refinement Workers: 4
[2024-06-05T01:29:36.452-0400][gc,init] Periodic GC: Disabled
[2024-06-05T01:29:36.461-0400][gc,metaspace] CDS archive(s) mapped at: [0x000000012f000000-0x000000012fca1000-0x000000012fca1000), size 13242368, SharedBaseAddress: 0x000000012f000000, ArchiveRelocationMode: 1.
[2024-06-05T01:29:36.461-0400][gc,metaspace] Compressed class space mapped at: 0x0000000130000000-0x0000000170000000, reserved size: 1073741824
[2024-06-05T01:29:36.461-0400][gc,metaspace] Narrow klass base: 0x000000012f000000, Narrow klass shift: 0, Narrow klass range: 0x100000000
[2024-06-05T01:29:37.508-0400][gc,heap,exit] Heap
[2024-06-05T01:29:37.508-0400][gc,heap,exit]  garbage-first heap   total 524288K, used 19468K [0x00000007e0000000, 0x0000000800000000)
[2024-06-05T01:29:37.508-0400][gc,heap,exit]   region size 1024K, 18 young (18432K), 0 survivors (0K)
[2024-06-05T01:29:37.508-0400][gc,heap,exit]  Metaspace       used 7343K, committed 7552K, reserved 1114112K
[2024-06-05T01:29:37.510-0400][gc,heap,exit]   class space    used 795K, committed 896K, reserved 1048576K
